<?xml version="1.0" encoding="UTF-8"?>
<testng-results ignored="0" total="2" passed="2" failed="0" skipped="0">
  <reporter-output>
  </reporter-output>
  <suite started-at="2021-03-29T17:26:47 IST" name="Surefire suite" finished-at="2021-03-29T17:27:22 IST" duration-ms="35086">
    <groups>
    </groups>
    <test started-at="2021-03-29T17:26:47 IST" name="Surefire test" finished-at="2021-03-29T17:27:22 IST" duration-ms="35086">
      <class name="com.facebook.qa.testcases.LandingPageTest">
        <test-method is-config="true" signature="setupExtent()[pri:0, instance:com.facebook.qa.testcases.LandingPageTest@429bd883]" started-at="2021-03-29T17:26:43 IST" name="setupExtent" finished-at="2021-03-29T17:26:47 IST" duration-ms="3830" status="PASS">
          <reporter-output>
          </reporter-output>
        </test-method> <!-- setupExtent -->
        <test-method is-config="true" signature="setup()[pri:0, instance:com.facebook.qa.testcases.LandingPageTest@429bd883]" started-at="2021-03-29T17:26:47 IST" name="setup" finished-at="2021-03-29T17:27:11 IST" duration-ms="24122" status="PASS">
          <reporter-output>
          </reporter-output>
        </test-method> <!-- setup -->
        <test-method signature="landingPageTitleTest()[pri:1, instance:com.facebook.qa.testcases.LandingPageTest@429bd883]" started-at="2021-03-29T17:27:11 IST" name="landingPageTitleTest" finished-at="2021-03-29T17:27:11 IST" duration-ms="53" status="PASS">
          <reporter-output>
          </reporter-output>
        </test-method> <!-- landingPageTitleTest -->
        <test-method is-config="true" signature="Teardown(org.testng.ITestResult)[pri:0, instance:com.facebook.qa.testcases.LandingPageTest@429bd883]" started-at="2021-03-29T17:27:11 IST" name="Teardown" finished-at="2021-03-29T17:27:13 IST" duration-ms="1838" status="PASS">
          <params>
            <param index="0">
              <value>
                <![CDATA[[TestResult name=landingPageTitleTest status=SUCCESS method=LandingPageTest.landingPageTitleTest()[pri:1, instance:com.facebook.qa.testcases.LandingPageTest@429bd883] output={null}]]]>
              </value>
            </param>
          </params>
          <reporter-output>
          </reporter-output>
        </test-method> <!-- Teardown -->
        <test-method is-config="true" signature="setup()[pri:0, instance:com.facebook.qa.testcases.LandingPageTest@429bd883]" started-at="2021-03-29T17:27:13 IST" name="setup" finished-at="2021-03-29T17:27:18 IST" duration-ms="5393" status="PASS">
          <reporter-output>
          </reporter-output>
        </test-method> <!-- setup -->
        <test-method signature="ClickOnLogInTest()[pri:2, instance:com.facebook.qa.testcases.LandingPageTest@429bd883]" started-at="2021-03-29T17:27:18 IST" name="ClickOnLogInTest" finished-at="2021-03-29T17:27:19 IST" duration-ms="758" status="PASS">
          <reporter-output>
          </reporter-output>
        </test-method> <!-- ClickOnLogInTest -->
        <test-method is-config="true" signature="Teardown(org.testng.ITestResult)[pri:0, instance:com.facebook.qa.testcases.LandingPageTest@429bd883]" started-at="2021-03-29T17:27:19 IST" name="Teardown" finished-at="2021-03-29T17:27:22 IST" duration-ms="2679" status="PASS">
          <params>
            <param index="0">
              <value>
                <![CDATA[[TestResult name=ClickOnLogInTest status=SUCCESS method=LandingPageTest.ClickOnLogInTest()[pri:2, instance:com.facebook.qa.testcases.LandingPageTest@429bd883] output={null}]]]>
              </value>
            </param>
          </params>
          <reporter-output>
          </reporter-output>
        </test-method> <!-- Teardown -->
        <test-method is-config="true" signature="ReportClose()[pri:0, instance:com.facebook.qa.testcases.LandingPageTest@429bd883]" started-at="2021-03-29T17:27:22 IST" name="ReportClose" finished-at="2021-03-29T17:27:30 IST" duration-ms="7974" status="PASS">
          <reporter-output>
          </reporter-output>
        </test-method> <!-- ReportClose -->
      </class> <!-- com.facebook.qa.testcases.LandingPageTest -->
    </test> <!-- Surefire test -->
  </suite> <!-- Surefire suite -->
</testng-results>
