<?xml version="1.0" encoding="UTF-8"?>
<testng-results ignored="0" total="2" passed="2" failed="0" skipped="0">
  <reporter-output>
  </reporter-output>
  <suite started-at="2021-03-29T17:21:42 IST" name="Facebook Automation Test Suite" finished-at="2021-03-29T17:21:53 IST" duration-ms="11141">
    <groups>
    </groups>
    <test started-at="2021-03-29T17:21:42 IST" name="Facebook Testcases" finished-at="2021-03-29T17:21:53 IST" duration-ms="11141">
      <class name="com.facebook.qa.testcases.LandingPageTest">
        <test-method is-config="true" signature="setupExtent()[pri:0, instance:com.facebook.qa.testcases.LandingPageTest@7a69b07]" started-at="2021-03-29T17:21:41 IST" name="setupExtent" finished-at="2021-03-29T17:21:42 IST" duration-ms="988" status="PASS">
          <reporter-output>
          </reporter-output>
        </test-method> <!-- setupExtent -->
        <test-method is-config="true" signature="setup()[pri:0, instance:com.facebook.qa.testcases.LandingPageTest@7a69b07]" started-at="2021-03-29T17:21:42 IST" name="setup" finished-at="2021-03-29T17:21:47 IST" duration-ms="4962" status="PASS">
          <reporter-output>
          </reporter-output>
        </test-method> <!-- setup -->
        <test-method signature="landingPageTitleTest()[pri:1, instance:com.facebook.qa.testcases.LandingPageTest@7a69b07]" started-at="2021-03-29T17:21:47 IST" name="landingPageTitleTest" finished-at="2021-03-29T17:21:47 IST" duration-ms="32" status="PASS">
          <reporter-output>
          </reporter-output>
        </test-method> <!-- landingPageTitleTest -->
        <test-method is-config="true" signature="Teardown(org.testng.ITestResult)[pri:0, instance:com.facebook.qa.testcases.LandingPageTest@7a69b07]" started-at="2021-03-29T17:21:47 IST" name="Teardown" finished-at="2021-03-29T17:21:48 IST" duration-ms="927" status="PASS">
          <params>
            <param index="0">
              <value>
                <![CDATA[[TestResult name=landingPageTitleTest status=SUCCESS method=LandingPageTest.landingPageTitleTest()[pri:1, instance:com.facebook.qa.testcases.LandingPageTest@7a69b07] output={null}]]]>
              </value>
            </param>
          </params>
          <reporter-output>
          </reporter-output>
        </test-method> <!-- Teardown -->
        <test-method is-config="true" signature="setup()[pri:0, instance:com.facebook.qa.testcases.LandingPageTest@7a69b07]" started-at="2021-03-29T17:21:48 IST" name="setup" finished-at="2021-03-29T17:21:52 IST" duration-ms="3825" status="PASS">
          <reporter-output>
          </reporter-output>
        </test-method> <!-- setup -->
        <test-method signature="ClickOnLogInTest()[pri:2, instance:com.facebook.qa.testcases.LandingPageTest@7a69b07]" started-at="2021-03-29T17:21:52 IST" name="ClickOnLogInTest" finished-at="2021-03-29T17:21:52 IST" duration-ms="477" status="PASS">
          <reporter-output>
          </reporter-output>
        </test-method> <!-- ClickOnLogInTest -->
        <test-method is-config="true" signature="Teardown(org.testng.ITestResult)[pri:0, instance:com.facebook.qa.testcases.LandingPageTest@7a69b07]" started-at="2021-03-29T17:21:52 IST" name="Teardown" finished-at="2021-03-29T17:21:53 IST" duration-ms="856" status="PASS">
          <params>
            <param index="0">
              <value>
                <![CDATA[[TestResult name=ClickOnLogInTest status=SUCCESS method=LandingPageTest.ClickOnLogInTest()[pri:2, instance:com.facebook.qa.testcases.LandingPageTest@7a69b07] output={null}]]]>
              </value>
            </param>
          </params>
          <reporter-output>
          </reporter-output>
        </test-method> <!-- Teardown -->
        <test-method is-config="true" signature="ReportClose()[pri:0, instance:com.facebook.qa.testcases.LandingPageTest@7a69b07]" started-at="2021-03-29T17:21:53 IST" name="ReportClose" finished-at="2021-03-29T17:21:55 IST" duration-ms="1962" status="PASS">
          <reporter-output>
          </reporter-output>
        </test-method> <!-- ReportClose -->
      </class> <!-- com.facebook.qa.testcases.LandingPageTest -->
    </test> <!-- Facebook Testcases -->
  </suite> <!-- Facebook Automation Test Suite -->
</testng-results>
