<?xml version="1.0" encoding="UTF-8"?>
<!-- Generated by org.testng.reporters.JUnitXMLReporter -->
<testsuite ignored="0" hostname="Ravi-PC" failures="0" tests="2" name="Facebook Testcases" time="11.141" errors="0" timestamp="2021-03-29T17:21:53 IST">
  <testcase classname="com.facebook.qa.testcases.LandingPageTest" name="landingPageTitleTest" time="0.032"/>
  <testcase classname="com.facebook.qa.testcases.LandingPageTest" name="ClickOnLogInTest" time="0.477"/>
</testsuite> <!-- Facebook Testcases -->
